\BOOKMARK [0][-]{section*.2}{\376\377\000L\036\335\000i\000\040\000c\000a\000m\000\040\001\021\000o\000a\000n}{}% 1
\BOOKMARK [0][-]{section*.4}{\376\377\000L\036\335\000i\000\040\000c\036\243\000m\000\040\001\241\000n}{}% 2
\BOOKMARK [0][-]{section*.6}{\376\377\000M\036\345\000c\000\040\000l\036\345\000c}{}% 3
\BOOKMARK [0][-]{section*.7}{\376\377\000T\000\363\000m\000\040\000t\036\257\000t}{}% 4
\BOOKMARK [0][-]{section*.9}{\376\377\000D\000a\000n\000h\000\040\000s\000\341\000c\000h\000\040\000t\036\353\000\040\000v\000i\036\277\000t\000\040\000t\036\257\000t}{}% 5
\BOOKMARK [0][-]{section*.11}{\376\377\000D\000a\000n\000h\000\040\000m\036\345\000c\000\040\000h\000\354\000n\000h\000\040\000v\036\275}{}% 6
\BOOKMARK [0][-]{section*.12}{\376\377\000D\000a\000n\000h\000\040\000m\036\345\000c\000\040\000b\036\243\000n\000g\000\040\000b\000i\036\303\000u}{}% 7
\BOOKMARK [0][-]{section*.13}{\376\377\000M\036\337\000\040\001\021\036\247\000u}{}% 8
\BOOKMARK [0][-]{chapter.1}{\376\377\000G\000I\036\332\000I\000\040\000T\000H\000I\036\306\000U\000\040\000B\000\300\000I\000\040\000T\000O\000\301\000N}{}% 9
\BOOKMARK [1][-]{section.1.1}{\376\377\000M\036\345\000c\000\040\000l\036\333\000n\000\040\000t\000r\000o\000n\000g\000\040\000c\000h\001\260\001\241\000n\000g}{chapter.1}% 10
\BOOKMARK [2][-]{subsection.1.1.1}{\376\377\000M\036\345\000c\000\040\000n\000h\036\317\000\040\000t\000r\000o\000n\000g\000\040\000c\000h\001\260\001\241\000n\000g}{section.1.1}% 11
\BOOKMARK [0][-]{chapter.2}{\376\377\000T\000\352\000n\000\040\000c\000h\001\260\001\241\000n\000g\000\040\0002}{}% 12
\BOOKMARK [1][-]{section.2.1}{\376\377\000M\036\345\000c\000\040\000l\036\333\000n\000\040\000t\000r\000o\000n\000g\000\040\000c\000h\001\260\001\241\000n\000g}{chapter.2}% 13
\BOOKMARK [2][-]{subsection.2.1.1}{\376\377\000M\036\345\000c\000\040\000n\000h\036\317\000\040\000t\000r\000o\000n\000g\000\040\000c\000h\001\260\001\241\000n\000g}{section.2.1}% 14
\BOOKMARK [2][-]{subsection.2.1.2}{\376\377\000M\036\345\000c\000\040\000n\000h\036\317\000\040\000t\000r\000o\000n\000g\000\040\000c\000h\001\260\001\241\000n\000g}{section.2.1}% 15
\BOOKMARK [1][-]{section.2.2}{\376\377\000M\036\345\000c\000\040\000l\036\333\000n\000\040\000t\000r\000o\000n\000g\000\040\000c\000h\001\260\001\241\000n\000g}{chapter.2}% 16
\BOOKMARK [2][-]{subsection.2.2.1}{\376\377\000M\036\345\000c\000\040\000n\000h\036\317\000\040\000t\000r\000o\000n\000g\000\040\000c\000h\001\260\001\241\000n\000g}{section.2.2}% 17
\BOOKMARK [0][-]{chapter.3}{\376\377\000T\000\312\000N\000\040\000C\000H\001\257\001\240\000N\000G\000\040\0003}{}% 18
\BOOKMARK [0][-]{chapter.4}{\376\377\000T\000\312\000N\000\040\000C\000H\001\257\001\240\000N\000G\000\040\0004}{}% 19
\BOOKMARK [0][-]{section*.21}{\376\377\000T\036\325\000n\000g\000\040\000k\036\277\000t}{}% 20
\BOOKMARK [0][-]{section*.23}{\376\377\000T\000\300\000I\000\040\000L\000I\036\306\000U\000\040\000T\000H\000A\000M\000\040\000K\000H\036\242\000O}{}% 21
